{
  "stats": {
    "suites": 1,
    "tests": 4,
    "passes": 4,
    "pending": 0,
    "failures": 0,
    "start": "2020-12-28T19:39:49.184Z",
    "end": "2020-12-28T19:39:55.143Z",
    "duration": 5959,
    "testsRegistered": 4,
    "passPercent": 100,
    "pendingPercent": 0,
    "other": 0,
    "hasOther": false,
    "skipped": 0,
    "hasSkipped": false
  },
  "results": [
    {
      "uuid": "8c80726b-f008-4d51-a2d7-9d95027017ce",
      "title": "",
      "fullFile": "cypress/integration/examples/test-framework.spec.js",
      "file": "cypress/integration/examples/test-framework.spec.js",
      "beforeHooks": [],
      "afterHooks": [],
      "tests": [],
      "suites": [
        {
          "uuid": "749283f1-642b-4131-b4ad-a1c1664fec66",
          "title": "Handling test framework",
          "fullFile": "",
          "file": "",
          "beforeHooks": [],
          "afterHooks": [],
          "tests": [
            {
              "title": "Navigating to site and filling out basic information",
              "fullTitle": "Handling test framework Navigating to site and filling out basic information",
              "timedOut": null,
              "duration": 3613,
              "state": "passed",
              "speed": "slow",
              "pass": true,
              "fail": false,
              "pending": false,
              "context": null,
              "code": "cy.visit('https://rahulshettyacademy.com/angularpractice/');\nglobalThis.homePage.getNameTextField().type(globalThis.data.name);\nglobalThis.homePage.getGenderSelector().select(globalThis.data.gender);",
              "err": {},
              "uuid": "e555f7a0-ee0a-42e1-aa89-39322ea4c825",
              "parentUUID": "749283f1-642b-4131-b4ad-a1c1664fec66",
              "isHook": false,
              "skipped": false
            },
            {
              "title": "Validating two way binding works properly",
              "fullTitle": "Handling test framework Validating two way binding works properly",
              "timedOut": null,
              "duration": 28,
              "state": "passed",
              "speed": "fast",
              "pass": true,
              "fail": false,
              "pending": false,
              "context": null,
              "code": "globalThis.homePage.getTwoWayBindTextField().then(function (item) {\n  var text = item.prop('value');\n  expect(text).to.eql(globalThis.data.name);\n});",
              "err": {},
              "uuid": "ea1c707c-128e-46a5-b872-ac9dd703dae7",
              "parentUUID": "749283f1-642b-4131-b4ad-a1c1664fec66",
              "isHook": false,
              "skipped": false
            },
            {
              "title": "Validating minlength of Name text field is 2",
              "fullTitle": "Handling test framework Validating minlength of Name text field is 2",
              "timedOut": null,
              "duration": 15,
              "state": "passed",
              "speed": "fast",
              "pass": true,
              "fail": false,
              "pending": false,
              "context": null,
              "code": "globalThis.homePage.getNameTextField().should('have.attr', 'minlength', '2');",
              "err": {},
              "uuid": "b7fcee6b-cc0c-411b-983b-3bac624e582b",
              "parentUUID": "749283f1-642b-4131-b4ad-a1c1664fec66",
              "isHook": false,
              "skipped": false
            },
            {
              "title": "Validating that radio button is disabled",
              "fullTitle": "Handling test framework Validating that radio button is disabled",
              "timedOut": null,
              "duration": 16,
              "state": "passed",
              "speed": "fast",
              "pass": true,
              "fail": false,
              "pending": false,
              "context": null,
              "code": "globalThis.homePage.getEntrepreneurRadioButton().should('be.disabled');",
              "err": {},
              "uuid": "7d944618-1307-4332-bdb1-e5104af70dbd",
              "parentUUID": "749283f1-642b-4131-b4ad-a1c1664fec66",
              "isHook": false,
              "skipped": false
            }
          ],
          "suites": [],
          "passes": [
            "e555f7a0-ee0a-42e1-aa89-39322ea4c825",
            "ea1c707c-128e-46a5-b872-ac9dd703dae7",
            "b7fcee6b-cc0c-411b-983b-3bac624e582b",
            "7d944618-1307-4332-bdb1-e5104af70dbd"
          ],
          "failures": [],
          "pending": [],
          "skipped": [],
          "duration": 3672,
          "root": false,
          "rootEmpty": false,
          "_timeout": 2000
        }
      ],
      "passes": [],
      "failures": [],
      "pending": [],
      "skipped": [],
      "duration": 0,
      "root": true,
      "rootEmpty": true,
      "_timeout": 2000
    }
  ],
  "meta": {
    "mocha": {
      "version": "7.0.1"
    },
    "mochawesome": {
      "options": {
        "quiet": false,
        "reportFilename": "mochawesome",
        "saveHtml": true,
        "saveJson": true,
        "consoleReporter": "spec",
        "useInlineDiffs": false,
        "code": true
      },
      "version": "6.2.1"
    },
    "marge": {
      "options": null,
      "version": "5.1.0"
    }
  }
}