{
  "stats": {
    "suites": 1,
    "tests": 2,
    "passes": 2,
    "pending": 0,
    "failures": 0,
    "start": "2020-12-31T16:58:06.143Z",
    "end": "2020-12-31T16:58:08.639Z",
    "duration": 2496,
    "testsRegistered": 2,
    "passPercent": 100,
    "pendingPercent": 0,
    "other": 0,
    "hasOther": false,
    "skipped": 0,
    "hasSkipped": false
  },
  "results": [
    {
      "uuid": "a3e2f421-eb6f-4b53-abae-64c086f97f84",
      "title": "",
      "fullFile": "cypress/integration/examples/xhr-testing.spec.js",
      "file": "cypress/integration/examples/xhr-testing.spec.js",
      "beforeHooks": [],
      "afterHooks": [],
      "tests": [],
      "suites": [
        {
          "uuid": "1b3449b8-b275-4677-bc7f-88191a074984",
          "title": "Analyzing network responses within browser",
          "fullFile": "",
          "file": "",
          "beforeHooks": [],
          "afterHooks": [],
          "tests": [
            {
              "title": "Clicking the 'Get comment' button on Cypress' site",
              "fullTitle": "Analyzing network responses within browser Clicking the 'Get comment' button on Cypress' site",
              "timedOut": null,
              "duration": 1107,
              "state": "passed",
              "speed": "slow",
              "pass": true,
              "fail": false,
              "pending": false,
              "context": null,
              "code": "cy.visit('https://example.cypress.io/commands/network-requests');\ncy.intercept('GET', '**/comments/*').as('getComment');\ncy.get('.network-btn.btn.btn-primary').click();\ncy.wait('@getComment').its('response.statusCode').should('eql', 200);",
              "err": {},
              "uuid": "95f5be65-9ef1-4abd-9206-246e70003c17",
              "parentUUID": "1b3449b8-b275-4677-bc7f-88191a074984",
              "isHook": false,
              "skipped": false
            },
            {
              "title": "Clicking the 'Post comment' button on Cypress' site",
              "fullTitle": "Analyzing network responses within browser Clicking the 'Post comment' button on Cypress' site",
              "timedOut": null,
              "duration": 267,
              "state": "passed",
              "speed": "slow",
              "pass": true,
              "fail": false,
              "pending": false,
              "context": null,
              "code": "cy.intercept('POST', '**/comments').as('postComment');\ncy.get('.network-post.btn.btn-success').click();\ncy.wait('@postComment').then(function ($el) {\n  cy.log($el);\n});",
              "err": {},
              "uuid": "25834c99-2d78-4848-b0b7-8ccf345983bb",
              "parentUUID": "1b3449b8-b275-4677-bc7f-88191a074984",
              "isHook": false,
              "skipped": false
            }
          ],
          "suites": [],
          "passes": [
            "95f5be65-9ef1-4abd-9206-246e70003c17",
            "25834c99-2d78-4848-b0b7-8ccf345983bb"
          ],
          "failures": [],
          "pending": [],
          "skipped": [],
          "duration": 1374,
          "root": false,
          "rootEmpty": false,
          "_timeout": 2000
        }
      ],
      "passes": [],
      "failures": [],
      "pending": [],
      "skipped": [],
      "duration": 0,
      "root": true,
      "rootEmpty": true,
      "_timeout": 2000
    }
  ],
  "meta": {
    "mocha": {
      "version": "7.0.1"
    },
    "mochawesome": {
      "options": {
        "quiet": false,
        "reportFilename": "mochawesome",
        "saveHtml": true,
        "saveJson": true,
        "consoleReporter": "spec",
        "useInlineDiffs": false,
        "code": true
      },
      "version": "6.2.1"
    },
    "marge": {
      "options": null,
      "version": "5.1.0"
    }
  }
}